DEPRECATION WARNING: You didn't set config.secret_key_base. Read the upgrade documentation to learn more about this new config option. (called from service at /Users/Stu/.rbenv/versions/2.1.1/lib/ruby/2.1.0/webrick/httpserver.rb:138)
DEPRECATION WARNING: You didn't set config.secret_key_base. Read the upgrade documentation to learn more about this new config option. (called from service at /Users/Stu/.rbenv/versions/2.1.1/lib/ruby/2.1.0/webrick/httpserver.rb:138)


Started GET "/" for 127.0.0.1 at 2014-05-22 10:08:36 -0700

PG::ConnectionBad (could not connect to server: Connection refused
	Is the server running on host "localhost" (::1) and accepting
	TCP/IP connections on port 5432?
could not connect to server: Connection refused
	Is the server running on host "localhost" (127.0.0.1) and accepting
	TCP/IP connections on port 5432?
could not connect to server: Connection refused
	Is the server running on host "localhost" (fe80::1) and accepting
	TCP/IP connections on port 5432?
):
  activerecord (4.0.4) lib/active_record/connection_adapters/postgresql_adapter.rb:848:in `initialize'
  activerecord (4.0.4) lib/active_record/connection_adapters/postgresql_adapter.rb:848:in `new'
  activerecord (4.0.4) lib/active_record/connection_adapters/postgresql_adapter.rb:848:in `connect'
  activerecord (4.0.4) lib/active_record/connection_adapters/postgresql_adapter.rb:556:in `initialize'
  activerecord (4.0.4) lib/active_record/connection_adapters/postgresql_adapter.rb:41:in `new'
  activerecord (4.0.4) lib/active_record/connection_adapters/postgresql_adapter.rb:41:in `postgresql_connection'
  activerecord (4.0.4) lib/active_record/connection_adapters/abstract/connection_pool.rb:440:in `new_connection'
  activerecord (4.0.4) lib/active_record/connection_adapters/abstract/connection_pool.rb:450:in `checkout_new_connection'
  activerecord (4.0.4) lib/active_record/connection_adapters/abstract/connection_pool.rb:421:in `acquire_connection'
  activerecord (4.0.4) lib/active_record/connection_adapters/abstract/connection_pool.rb:356:in `block in checkout'
  /Users/Stu/.rbenv/versions/2.1.1/lib/ruby/2.1.0/monitor.rb:211:in `mon_synchronize'
  activerecord (4.0.4) lib/active_record/connection_adapters/abstract/connection_pool.rb:355:in `checkout'
  activerecord (4.0.4) lib/active_record/connection_adapters/abstract/connection_pool.rb:265:in `block in connection'
  /Users/Stu/.rbenv/versions/2.1.1/lib/ruby/2.1.0/monitor.rb:211:in `mon_synchronize'
  activerecord (4.0.4) lib/active_record/connection_adapters/abstract/connection_pool.rb:264:in `connection'
  activerecord (4.0.4) lib/active_record/connection_adapters/abstract/connection_pool.rb:546:in `retrieve_connection'
  activerecord (4.0.4) lib/active_record/connection_handling.rb:79:in `retrieve_connection'
  activerecord (4.0.4) lib/active_record/connection_handling.rb:53:in `connection'
  activerecord (4.0.4) lib/active_record/migration.rb:796:in `current_version'
  activerecord (4.0.4) lib/active_record/migration.rb:804:in `needs_migration?'
  activerecord (4.0.4) lib/active_record/migration.rb:383:in `check_pending!'
  activerecord (4.0.4) lib/active_record/migration.rb:370:in `call'
  actionpack (4.0.4) lib/action_dispatch/middleware/callbacks.rb:29:in `block in call'
  activesupport (4.0.4) lib/active_support/callbacks.rb:373:in `_run__2300662996759834633__call__callbacks'
  activesupport (4.0.4) lib/active_support/callbacks.rb:80:in `run_callbacks'
  actionpack (4.0.4) lib/action_dispatch/middleware/callbacks.rb:27:in `call'
  actionpack (4.0.4) lib/action_dispatch/middleware/reloader.rb:64:in `call'
  actionpack (4.0.4) lib/action_dispatch/middleware/remote_ip.rb:76:in `call'
  actionpack (4.0.4) lib/action_dispatch/middleware/debug_exceptions.rb:17:in `call'
  actionpack (4.0.4) lib/action_dispatch/middleware/show_exceptions.rb:30:in `call'
  railties (4.0.4) lib/rails/rack/logger.rb:38:in `call_app'
  railties (4.0.4) lib/rails/rack/logger.rb:20:in `block in call'
  activesupport (4.0.4) lib/active_support/tagged_logging.rb:68:in `block in tagged'
  activesupport (4.0.4) lib/active_support/tagged_logging.rb:26:in `tagged'
  activesupport (4.0.4) lib/active_support/tagged_logging.rb:68:in `tagged'
  railties (4.0.4) lib/rails/rack/logger.rb:20:in `call'
  actionpack (4.0.4) lib/action_dispatch/middleware/request_id.rb:21:in `call'
  rack (1.5.2) lib/rack/methodoverride.rb:21:in `call'
  rack (1.5.2) lib/rack/runtime.rb:17:in `call'
  activesupport (4.0.4) lib/active_support/cache/strategy/local_cache.rb:83:in `call'
  rack (1.5.2) lib/rack/lock.rb:17:in `call'
  actionpack (4.0.4) lib/action_dispatch/middleware/static.rb:64:in `call'
  rack (1.5.2) lib/rack/sendfile.rb:112:in `call'
  railties (4.0.4) lib/rails/engine.rb:511:in `call'
  railties (4.0.4) lib/rails/application.rb:97:in `call'
  rack (1.5.2) lib/rack/lock.rb:17:in `call'
  rack (1.5.2) lib/rack/content_length.rb:14:in `call'
  rack (1.5.2) lib/rack/handler/webrick.rb:60:in `service'
  /Users/Stu/.rbenv/versions/2.1.1/lib/ruby/2.1.0/webrick/httpserver.rb:138:in `service'
  /Users/Stu/.rbenv/versions/2.1.1/lib/ruby/2.1.0/webrick/httpserver.rb:94:in `run'
  /Users/Stu/.rbenv/versions/2.1.1/lib/ruby/2.1.0/webrick/server.rb:295:in `block in start_thread'


  Rendered /Users/Stu/.rbenv/versions/2.1.1/lib/ruby/gems/2.1.0/gems/actionpack-4.0.4/lib/action_dispatch/middleware/templates/rescues/_source.erb (1.1ms)
  Rendered /Users/Stu/.rbenv/versions/2.1.1/lib/ruby/gems/2.1.0/gems/actionpack-4.0.4/lib/action_dispatch/middleware/templates/rescues/_trace.erb (1.6ms)
  Rendered /Users/Stu/.rbenv/versions/2.1.1/lib/ruby/gems/2.1.0/gems/actionpack-4.0.4/lib/action_dispatch/middleware/templates/rescues/_request_and_response.erb (2.0ms)
  Rendered /Users/Stu/.rbenv/versions/2.1.1/lib/ruby/gems/2.1.0/gems/actionpack-4.0.4/lib/action_dispatch/middleware/templates/rescues/diagnostics.erb within rescues/layout (29.5ms)


Started GET "/" for 127.0.0.1 at 2014-05-22 10:09:39 -0700

PG::ConnectionBad (could not connect to server: Connection refused
	Is the server running on host "localhost" (::1) and accepting
	TCP/IP connections on port 5432?
could not connect to server: Connection refused
	Is the server running on host "localhost" (127.0.0.1) and accepting
	TCP/IP connections on port 5432?
could not connect to server: Connection refused
	Is the server running on host "localhost" (fe80::1) and accepting
	TCP/IP connections on port 5432?
):
  activerecord (4.0.4) lib/active_record/connection_adapters/postgresql_adapter.rb:848:in `initialize'
  activerecord (4.0.4) lib/active_record/connection_adapters/postgresql_adapter.rb:848:in `new'
  activerecord (4.0.4) lib/active_record/connection_adapters/postgresql_adapter.rb:848:in `connect'
  activerecord (4.0.4) lib/active_record/connection_adapters/postgresql_adapter.rb:556:in `initialize'
  activerecord (4.0.4) lib/active_record/connection_adapters/postgresql_adapter.rb:41:in `new'
  activerecord (4.0.4) lib/active_record/connection_adapters/postgresql_adapter.rb:41:in `postgresql_connection'
  activerecord (4.0.4) lib/active_record/connection_adapters/abstract/connection_pool.rb:440:in `new_connection'
  activerecord (4.0.4) lib/active_record/connection_adapters/abstract/connection_pool.rb:450:in `checkout_new_connection'
  activerecord (4.0.4) lib/active_record/connection_adapters/abstract/connection_pool.rb:421:in `acquire_connection'
  activerecord (4.0.4) lib/active_record/connection_adapters/abstract/connection_pool.rb:356:in `block in checkout'
  /Users/Stu/.rbenv/versions/2.1.1/lib/ruby/2.1.0/monitor.rb:211:in `mon_synchronize'
  activerecord (4.0.4) lib/active_record/connection_adapters/abstract/connection_pool.rb:355:in `checkout'
  activerecord (4.0.4) lib/active_record/connection_adapters/abstract/connection_pool.rb:265:in `block in connection'
  /Users/Stu/.rbenv/versions/2.1.1/lib/ruby/2.1.0/monitor.rb:211:in `mon_synchronize'
  activerecord (4.0.4) lib/active_record/connection_adapters/abstract/connection_pool.rb:264:in `connection'
  activerecord (4.0.4) lib/active_record/connection_adapters/abstract/connection_pool.rb:546:in `retrieve_connection'
  activerecord (4.0.4) lib/active_record/connection_handling.rb:79:in `retrieve_connection'
  activerecord (4.0.4) lib/active_record/connection_handling.rb:53:in `connection'
  activerecord (4.0.4) lib/active_record/migration.rb:796:in `current_version'
  activerecord (4.0.4) lib/active_record/migration.rb:804:in `needs_migration?'
  activerecord (4.0.4) lib/active_record/migration.rb:383:in `check_pending!'
  activerecord (4.0.4) lib/active_record/migration.rb:370:in `call'
  actionpack (4.0.4) lib/action_dispatch/middleware/callbacks.rb:29:in `block in call'
  activesupport (4.0.4) lib/active_support/callbacks.rb:373:in `_run__2292891964063348597__call__callbacks'
  activesupport (4.0.4) lib/active_support/callbacks.rb:80:in `run_callbacks'
  actionpack (4.0.4) lib/action_dispatch/middleware/callbacks.rb:27:in `call'
  actionpack (4.0.4) lib/action_dispatch/middleware/reloader.rb:64:in `call'
  actionpack (4.0.4) lib/action_dispatch/middleware/remote_ip.rb:76:in `call'
  actionpack (4.0.4) lib/action_dispatch/middleware/debug_exceptions.rb:17:in `call'
  actionpack (4.0.4) lib/action_dispatch/middleware/show_exceptions.rb:30:in `call'
  railties (4.0.4) lib/rails/rack/logger.rb:38:in `call_app'
  railties (4.0.4) lib/rails/rack/logger.rb:20:in `block in call'
  activesupport (4.0.4) lib/active_support/tagged_logging.rb:68:in `block in tagged'
  activesupport (4.0.4) lib/active_support/tagged_logging.rb:26:in `tagged'
  activesupport (4.0.4) lib/active_support/tagged_logging.rb:68:in `tagged'
  railties (4.0.4) lib/rails/rack/logger.rb:20:in `call'
  actionpack (4.0.4) lib/action_dispatch/middleware/request_id.rb:21:in `call'
  rack (1.5.2) lib/rack/methodoverride.rb:21:in `call'
  rack (1.5.2) lib/rack/runtime.rb:17:in `call'
  activesupport (4.0.4) lib/active_support/cache/strategy/local_cache.rb:83:in `call'
  rack (1.5.2) lib/rack/lock.rb:17:in `call'
  actionpack (4.0.4) lib/action_dispatch/middleware/static.rb:64:in `call'
  rack (1.5.2) lib/rack/sendfile.rb:112:in `call'
  railties (4.0.4) lib/rails/engine.rb:511:in `call'
  railties (4.0.4) lib/rails/application.rb:97:in `call'
  rack (1.5.2) lib/rack/lock.rb:17:in `call'
  rack (1.5.2) lib/rack/content_length.rb:14:in `call'
  rack (1.5.2) lib/rack/handler/webrick.rb:60:in `service'
  /Users/Stu/.rbenv/versions/2.1.1/lib/ruby/2.1.0/webrick/httpserver.rb:138:in `service'
  /Users/Stu/.rbenv/versions/2.1.1/lib/ruby/2.1.0/webrick/httpserver.rb:94:in `run'
  /Users/Stu/.rbenv/versions/2.1.1/lib/ruby/2.1.0/webrick/server.rb:295:in `block in start_thread'


  Rendered /Users/Stu/.rbenv/versions/2.1.1/lib/ruby/gems/2.1.0/gems/actionpack-4.0.4/lib/action_dispatch/middleware/templates/rescues/_source.erb (0.9ms)
  Rendered /Users/Stu/.rbenv/versions/2.1.1/lib/ruby/gems/2.1.0/gems/actionpack-4.0.4/lib/action_dispatch/middleware/templates/rescues/_trace.erb (1.2ms)
  Rendered /Users/Stu/.rbenv/versions/2.1.1/lib/ruby/gems/2.1.0/gems/actionpack-4.0.4/lib/action_dispatch/middleware/templates/rescues/_request_and_response.erb (0.9ms)
  Rendered /Users/Stu/.rbenv/versions/2.1.1/lib/ruby/gems/2.1.0/gems/actionpack-4.0.4/lib/action_dispatch/middleware/templates/rescues/diagnostics.erb within rescues/layout (16.2ms)


Started GET "/" for 127.0.0.1 at 2014-05-22 10:09:46 -0700

PG::ConnectionBad (could not connect to server: Connection refused
	Is the server running on host "localhost" (::1) and accepting
	TCP/IP connections on port 5432?
could not connect to server: Connection refused
	Is the server running on host "localhost" (127.0.0.1) and accepting
	TCP/IP connections on port 5432?
could not connect to server: Connection refused
	Is the server running on host "localhost" (fe80::1) and accepting
	TCP/IP connections on port 5432?
):
  activerecord (4.0.4) lib/active_record/connection_adapters/postgresql_adapter.rb:848:in `initialize'
  activerecord (4.0.4) lib/active_record/connection_adapters/postgresql_adapter.rb:848:in `new'
  activerecord (4.0.4) lib/active_record/connection_adapters/postgresql_adapter.rb:848:in `connect'
  activerecord (4.0.4) lib/active_record/connection_adapters/postgresql_adapter.rb:556:in `initialize'
  activerecord (4.0.4) lib/active_record/connection_adapters/postgresql_adapter.rb:41:in `new'
  activerecord (4.0.4) lib/active_record/connection_adapters/postgresql_adapter.rb:41:in `postgresql_connection'
  activerecord (4.0.4) lib/active_record/connection_adapters/abstract/connection_pool.rb:440:in `new_connection'
  activerecord (4.0.4) lib/active_record/connection_adapters/abstract/connection_pool.rb:450:in `checkout_new_connection'
  activerecord (4.0.4) lib/active_record/connection_adapters/abstract/connection_pool.rb:421:in `acquire_connection'
  activerecord (4.0.4) lib/active_record/connection_adapters/abstract/connection_pool.rb:356:in `block in checkout'
  /Users/Stu/.rbenv/versions/2.1.1/lib/ruby/2.1.0/monitor.rb:211:in `mon_synchronize'
  activerecord (4.0.4) lib/active_record/connection_adapters/abstract/connection_pool.rb:355:in `checkout'
  activerecord (4.0.4) lib/active_record/connection_adapters/abstract/connection_pool.rb:265:in `block in connection'
  /Users/Stu/.rbenv/versions/2.1.1/lib/ruby/2.1.0/monitor.rb:211:in `mon_synchronize'
  activerecord (4.0.4) lib/active_record/connection_adapters/abstract/connection_pool.rb:264:in `connection'
  activerecord (4.0.4) lib/active_record/connection_adapters/abstract/connection_pool.rb:546:in `retrieve_connection'
  activerecord (4.0.4) lib/active_record/connection_handling.rb:79:in `retrieve_connection'
  activerecord (4.0.4) lib/active_record/connection_handling.rb:53:in `connection'
  activerecord (4.0.4) lib/active_record/migration.rb:796:in `current_version'
  activerecord (4.0.4) lib/active_record/migration.rb:804:in `needs_migration?'
  activerecord (4.0.4) lib/active_record/migration.rb:383:in `check_pending!'
  activerecord (4.0.4) lib/active_record/migration.rb:370:in `call'
  actionpack (4.0.4) lib/action_dispatch/middleware/callbacks.rb:29:in `block in call'
  activesupport (4.0.4) lib/active_support/callbacks.rb:373:in `_run__2764917579756659078__call__callbacks'
  activesupport (4.0.4) lib/active_support/callbacks.rb:80:in `run_callbacks'
  actionpack (4.0.4) lib/action_dispatch/middleware/callbacks.rb:27:in `call'
  actionpack (4.0.4) lib/action_dispatch/middleware/reloader.rb:64:in `call'
  actionpack (4.0.4) lib/action_dispatch/middleware/remote_ip.rb:76:in `call'
  actionpack (4.0.4) lib/action_dispatch/middleware/debug_exceptions.rb:17:in `call'
  actionpack (4.0.4) lib/action_dispatch/middleware/show_exceptions.rb:30:in `call'
  railties (4.0.4) lib/rails/rack/logger.rb:38:in `call_app'
  railties (4.0.4) lib/rails/rack/logger.rb:20:in `block in call'
  activesupport (4.0.4) lib/active_support/tagged_logging.rb:68:in `block in tagged'
  activesupport (4.0.4) lib/active_support/tagged_logging.rb:26:in `tagged'
  activesupport (4.0.4) lib/active_support/tagged_logging.rb:68:in `tagged'
  railties (4.0.4) lib/rails/rack/logger.rb:20:in `call'
  actionpack (4.0.4) lib/action_dispatch/middleware/request_id.rb:21:in `call'
  rack (1.5.2) lib/rack/methodoverride.rb:21:in `call'
  rack (1.5.2) lib/rack/runtime.rb:17:in `call'
  activesupport (4.0.4) lib/active_support/cache/strategy/local_cache.rb:83:in `call'
  rack (1.5.2) lib/rack/lock.rb:17:in `call'
  actionpack (4.0.4) lib/action_dispatch/middleware/static.rb:64:in `call'
  rack (1.5.2) lib/rack/sendfile.rb:112:in `call'
  railties (4.0.4) lib/rails/engine.rb:511:in `call'
  railties (4.0.4) lib/rails/application.rb:97:in `call'
  rack (1.5.2) lib/rack/lock.rb:17:in `call'
  rack (1.5.2) lib/rack/content_length.rb:14:in `call'
  rack (1.5.2) lib/rack/handler/webrick.rb:60:in `service'
  /Users/Stu/.rbenv/versions/2.1.1/lib/ruby/2.1.0/webrick/httpserver.rb:138:in `service'
  /Users/Stu/.rbenv/versions/2.1.1/lib/ruby/2.1.0/webrick/httpserver.rb:94:in `run'
  /Users/Stu/.rbenv/versions/2.1.1/lib/ruby/2.1.0/webrick/server.rb:295:in `block in start_thread'


  Rendered /Users/Stu/.rbenv/versions/2.1.1/lib/ruby/gems/2.1.0/gems/actionpack-4.0.4/lib/action_dispatch/middleware/templates/rescues/_source.erb (0.6ms)
  Rendered /Users/Stu/.rbenv/versions/2.1.1/lib/ruby/gems/2.1.0/gems/actionpack-4.0.4/lib/action_dispatch/middleware/templates/rescues/_trace.erb (1.2ms)
  Rendered /Users/Stu/.rbenv/versions/2.1.1/lib/ruby/gems/2.1.0/gems/actionpack-4.0.4/lib/action_dispatch/middleware/templates/rescues/_request_and_response.erb (1.0ms)
  Rendered /Users/Stu/.rbenv/versions/2.1.1/lib/ruby/gems/2.1.0/gems/actionpack-4.0.4/lib/action_dispatch/middleware/templates/rescues/diagnostics.erb within rescues/layout (16.2ms)


Started GET "/" for 127.0.0.1 at 2014-05-22 10:09:47 -0700

PG::ConnectionBad (could not connect to server: Connection refused
	Is the server running on host "localhost" (::1) and accepting
	TCP/IP connections on port 5432?
could not connect to server: Connection refused
	Is the server running on host "localhost" (127.0.0.1) and accepting
	TCP/IP connections on port 5432?
could not connect to server: Connection refused
	Is the server running on host "localhost" (fe80::1) and accepting
	TCP/IP connections on port 5432?
):
  activerecord (4.0.4) lib/active_record/connection_adapters/postgresql_adapter.rb:848:in `initialize'
  activerecord (4.0.4) lib/active_record/connection_adapters/postgresql_adapter.rb:848:in `new'
  activerecord (4.0.4) lib/active_record/connection_adapters/postgresql_adapter.rb:848:in `connect'
  activerecord (4.0.4) lib/active_record/connection_adapters/postgresql_adapter.rb:556:in `initialize'
  activerecord (4.0.4) lib/active_record/connection_adapters/postgresql_adapter.rb:41:in `new'
  activerecord (4.0.4) lib/active_record/connection_adapters/postgresql_adapter.rb:41:in `postgresql_connection'
  activerecord (4.0.4) lib/active_record/connection_adapters/abstract/connection_pool.rb:440:in `new_connection'
  activerecord (4.0.4) lib/active_record/connection_adapters/abstract/connection_pool.rb:450:in `checkout_new_connection'
  activerecord (4.0.4) lib/active_record/connection_adapters/abstract/connection_pool.rb:421:in `acquire_connection'
  activerecord (4.0.4) lib/active_record/connection_adapters/abstract/connection_pool.rb:356:in `block in checkout'
  /Users/Stu/.rbenv/versions/2.1.1/lib/ruby/2.1.0/monitor.rb:211:in `mon_synchronize'
  activerecord (4.0.4) lib/active_record/connection_adapters/abstract/connection_pool.rb:355:in `checkout'
  activerecord (4.0.4) lib/active_record/connection_adapters/abstract/connection_pool.rb:265:in `block in connection'
  /Users/Stu/.rbenv/versions/2.1.1/lib/ruby/2.1.0/monitor.rb:211:in `mon_synchronize'
  activerecord (4.0.4) lib/active_record/connection_adapters/abstract/connection_pool.rb:264:in `connection'
  activerecord (4.0.4) lib/active_record/connection_adapters/abstract/connection_pool.rb:546:in `retrieve_connection'
  activerecord (4.0.4) lib/active_record/connection_handling.rb:79:in `retrieve_connection'
  activerecord (4.0.4) lib/active_record/connection_handling.rb:53:in `connection'
  activerecord (4.0.4) lib/active_record/migration.rb:796:in `current_version'
  activerecord (4.0.4) lib/active_record/migration.rb:804:in `needs_migration?'
  activerecord (4.0.4) lib/active_record/migration.rb:383:in `check_pending!'
  activerecord (4.0.4) lib/active_record/migration.rb:370:in `call'
  actionpack (4.0.4) lib/action_dispatch/middleware/callbacks.rb:29:in `block in call'
  activesupport (4.0.4) lib/active_support/callbacks.rb:373:in `_run__2764917579756659078__call__callbacks'
  activesupport (4.0.4) lib/active_support/callbacks.rb:80:in `run_callbacks'
  actionpack (4.0.4) lib/action_dispatch/middleware/callbacks.rb:27:in `call'
  actionpack (4.0.4) lib/action_dispatch/middleware/reloader.rb:64:in `call'
  actionpack (4.0.4) lib/action_dispatch/middleware/remote_ip.rb:76:in `call'
  actionpack (4.0.4) lib/action_dispatch/middleware/debug_exceptions.rb:17:in `call'
  actionpack (4.0.4) lib/action_dispatch/middleware/show_exceptions.rb:30:in `call'
  railties (4.0.4) lib/rails/rack/logger.rb:38:in `call_app'
  railties (4.0.4) lib/rails/rack/logger.rb:20:in `block in call'
  activesupport (4.0.4) lib/active_support/tagged_logging.rb:68:in `block in tagged'
  activesupport (4.0.4) lib/active_support/tagged_logging.rb:26:in `tagged'
  activesupport (4.0.4) lib/active_support/tagged_logging.rb:68:in `tagged'
  railties (4.0.4) lib/rails/rack/logger.rb:20:in `call'
  actionpack (4.0.4) lib/action_dispatch/middleware/request_id.rb:21:in `call'
  rack (1.5.2) lib/rack/methodoverride.rb:21:in `call'
  rack (1.5.2) lib/rack/runtime.rb:17:in `call'
  activesupport (4.0.4) lib/active_support/cache/strategy/local_cache.rb:83:in `call'
  rack (1.5.2) lib/rack/lock.rb:17:in `call'
  actionpack (4.0.4) lib/action_dispatch/middleware/static.rb:64:in `call'
  rack (1.5.2) lib/rack/sendfile.rb:112:in `call'
  railties (4.0.4) lib/rails/engine.rb:511:in `call'
  railties (4.0.4) lib/rails/application.rb:97:in `call'
  rack (1.5.2) lib/rack/lock.rb:17:in `call'
  rack (1.5.2) lib/rack/content_length.rb:14:in `call'
  rack (1.5.2) lib/rack/handler/webrick.rb:60:in `service'
  /Users/Stu/.rbenv/versions/2.1.1/lib/ruby/2.1.0/webrick/httpserver.rb:138:in `service'
  /Users/Stu/.rbenv/versions/2.1.1/lib/ruby/2.1.0/webrick/httpserver.rb:94:in `run'
  /Users/Stu/.rbenv/versions/2.1.1/lib/ruby/2.1.0/webrick/server.rb:295:in `block in start_thread'


  Rendered /Users/Stu/.rbenv/versions/2.1.1/lib/ruby/gems/2.1.0/gems/actionpack-4.0.4/lib/action_dispatch/middleware/templates/rescues/_source.erb (0.6ms)
  Rendered /Users/Stu/.rbenv/versions/2.1.1/lib/ruby/gems/2.1.0/gems/actionpack-4.0.4/lib/action_dispatch/middleware/templates/rescues/_trace.erb (1.1ms)
  Rendered /Users/Stu/.rbenv/versions/2.1.1/lib/ruby/gems/2.1.0/gems/actionpack-4.0.4/lib/action_dispatch/middleware/templates/rescues/_request_and_response.erb (1.1ms)
  Rendered /Users/Stu/.rbenv/versions/2.1.1/lib/ruby/gems/2.1.0/gems/actionpack-4.0.4/lib/action_dispatch/middleware/templates/rescues/diagnostics.erb within rescues/layout (14.6ms)


Started GET "/" for 127.0.0.1 at 2014-05-22 10:10:53 -0700

PG::ConnectionBad (could not connect to server: Connection refused
	Is the server running on host "localhost" (::1) and accepting
	TCP/IP connections on port 5432?
):
  activerecord (4.0.4) lib/active_record/connection_adapters/postgresql_adapter.rb:848:in `initialize'
  activerecord (4.0.4) lib/active_record/connection_adapters/postgresql_adapter.rb:848:in `new'
  activerecord (4.0.4) lib/active_record/connection_adapters/postgresql_adapter.rb:848:in `connect'
  activerecord (4.0.4) lib/active_record/connection_adapters/postgresql_adapter.rb:556:in `initialize'
  activerecord (4.0.4) lib/active_record/connection_adapters/postgresql_adapter.rb:41:in `new'
  activerecord (4.0.4) lib/active_record/connection_adapters/postgresql_adapter.rb:41:in `postgresql_connection'
  activerecord (4.0.4) lib/active_record/connection_adapters/abstract/connection_pool.rb:440:in `new_connection'
  activerecord (4.0.4) lib/active_record/connection_adapters/abstract/connection_pool.rb:450:in `checkout_new_connection'
  activerecord (4.0.4) lib/active_record/connection_adapters/abstract/connection_pool.rb:421:in `acquire_connection'
  activerecord (4.0.4) lib/active_record/connection_adapters/abstract/connection_pool.rb:356:in `block in checkout'
  /Users/Stu/.rbenv/versions/2.1.1/lib/ruby/2.1.0/monitor.rb:211:in `mon_synchronize'
  activerecord (4.0.4) lib/active_record/connection_adapters/abstract/connection_pool.rb:355:in `checkout'
  activerecord (4.0.4) lib/active_record/connection_adapters/abstract/connection_pool.rb:265:in `block in connection'
  /Users/Stu/.rbenv/versions/2.1.1/lib/ruby/2.1.0/monitor.rb:211:in `mon_synchronize'
  activerecord (4.0.4) lib/active_record/connection_adapters/abstract/connection_pool.rb:264:in `connection'
  activerecord (4.0.4) lib/active_record/connection_adapters/abstract/connection_pool.rb:546:in `retrieve_connection'
  activerecord (4.0.4) lib/active_record/connection_handling.rb:79:in `retrieve_connection'
  activerecord (4.0.4) lib/active_record/connection_handling.rb:53:in `connection'
  activerecord (4.0.4) lib/active_record/migration.rb:796:in `current_version'
  activerecord (4.0.4) lib/active_record/migration.rb:804:in `needs_migration?'
  activerecord (4.0.4) lib/active_record/migration.rb:383:in `check_pending!'
  activerecord (4.0.4) lib/active_record/migration.rb:370:in `call'
  actionpack (4.0.4) lib/action_dispatch/middleware/callbacks.rb:29:in `block in call'
  activesupport (4.0.4) lib/active_support/callbacks.rb:373:in `_run__3799768226708455807__call__callbacks'
  activesupport (4.0.4) lib/active_support/callbacks.rb:80:in `run_callbacks'
  actionpack (4.0.4) lib/action_dispatch/middleware/callbacks.rb:27:in `call'
  actionpack (4.0.4) lib/action_dispatch/middleware/reloader.rb:64:in `call'
  actionpack (4.0.4) lib/action_dispatch/middleware/remote_ip.rb:76:in `call'
  actionpack (4.0.4) lib/action_dispatch/middleware/debug_exceptions.rb:17:in `call'
  actionpack (4.0.4) lib/action_dispatch/middleware/show_exceptions.rb:30:in `call'
  railties (4.0.4) lib/rails/rack/logger.rb:38:in `call_app'
  railties (4.0.4) lib/rails/rack/logger.rb:20:in `block in call'
  activesupport (4.0.4) lib/active_support/tagged_logging.rb:68:in `block in tagged'
  activesupport (4.0.4) lib/active_support/tagged_logging.rb:26:in `tagged'
  activesupport (4.0.4) lib/active_support/tagged_logging.rb:68:in `tagged'
  railties (4.0.4) lib/rails/rack/logger.rb:20:in `call'
  actionpack (4.0.4) lib/action_dispatch/middleware/request_id.rb:21:in `call'
  rack (1.5.2) lib/rack/methodoverride.rb:21:in `call'
  rack (1.5.2) lib/rack/runtime.rb:17:in `call'
  activesupport (4.0.4) lib/active_support/cache/strategy/local_cache.rb:83:in `call'
  rack (1.5.2) lib/rack/lock.rb:17:in `call'
  actionpack (4.0.4) lib/action_dispatch/middleware/static.rb:64:in `call'
  rack (1.5.2) lib/rack/sendfile.rb:112:in `call'
  railties (4.0.4) lib/rails/engine.rb:511:in `call'
  railties (4.0.4) lib/rails/application.rb:97:in `call'
  rack (1.5.2) lib/rack/lock.rb:17:in `call'
  rack (1.5.2) lib/rack/content_length.rb:14:in `call'
  rack (1.5.2) lib/rack/handler/webrick.rb:60:in `service'
  /Users/Stu/.rbenv/versions/2.1.1/lib/ruby/2.1.0/webrick/httpserver.rb:138:in `service'
  /Users/Stu/.rbenv/versions/2.1.1/lib/ruby/2.1.0/webrick/httpserver.rb:94:in `run'
  /Users/Stu/.rbenv/versions/2.1.1/lib/ruby/2.1.0/webrick/server.rb:295:in `block in start_thread'


  Rendered /Users/Stu/.rbenv/versions/2.1.1/lib/ruby/gems/2.1.0/gems/actionpack-4.0.4/lib/action_dispatch/middleware/templates/rescues/_source.erb (0.5ms)
  Rendered /Users/Stu/.rbenv/versions/2.1.1/lib/ruby/gems/2.1.0/gems/actionpack-4.0.4/lib/action_dispatch/middleware/templates/rescues/_trace.erb (1.1ms)
  Rendered /Users/Stu/.rbenv/versions/2.1.1/lib/ruby/gems/2.1.0/gems/actionpack-4.0.4/lib/action_dispatch/middleware/templates/rescues/_request_and_response.erb (1.0ms)
  Rendered /Users/Stu/.rbenv/versions/2.1.1/lib/ruby/gems/2.1.0/gems/actionpack-4.0.4/lib/action_dispatch/middleware/templates/rescues/diagnostics.erb within rescues/layout (15.6ms)
  [1m[36m (7.0ms)[0m  [1mCREATE TABLE "schema_migrations" ("version" character varying(255) NOT NULL) [0m
  [1m[35m (3.1ms)[0m  CREATE UNIQUE INDEX "unique_schema_migrations" ON "schema_migrations" ("version")
  [1m[36mActiveRecord::SchemaMigration Load (0.6ms)[0m  [1mSELECT "schema_migrations".* FROM "schema_migrations"[0m
Migrating to CreateContacts (20140520233419)
  [1m[35m (0.2ms)[0m  BEGIN
  [1m[36m (7.7ms)[0m  [1mCREATE TABLE "contacts" ("id" serial primary key, "name" character varying(255), "email" character varying(255), "number" integer, "img" character varying(255), "created_at" timestamp, "updated_at" timestamp) [0m
  [1m[35mSQL (1.5ms)[0m  INSERT INTO "schema_migrations" ("version") VALUES ($1)  [["version", "20140520233419"]]
  [1m[36m (0.5ms)[0m  [1mCOMMIT[0m
  [1m[35mActiveRecord::SchemaMigration Load (0.4ms)[0m  SELECT "schema_migrations".* FROM "schema_migrations"
  [1m[36mActiveRecord::SchemaMigration Load (0.7ms)[0m  [1mSELECT "schema_migrations".* FROM "schema_migrations"[0m
  [1m[35m (0.3ms)[0m  BEGIN
  [1m[36mSQL (15.3ms)[0m  [1mINSERT INTO "contacts" ("created_at", "email", "img", "name", "number", "updated_at") VALUES ($1, $2, $3, $4, $5, $6) RETURNING "id"[0m  [["created_at", Thu, 22 May 2014 17:28:59 UTC +00:00], ["email", "shane@shane.com"], ["img", "http://old.mathleague.com/help/integers/numline.GIF"], ["name", "shane"], ["number", 123456], ["updated_at", Thu, 22 May 2014 17:28:59 UTC +00:00]]
  [1m[35m (0.8ms)[0m  COMMIT
  [1m[36m (0.1ms)[0m  [1mBEGIN[0m
  [1m[35mSQL (0.5ms)[0m  INSERT INTO "contacts" ("created_at", "email", "img", "name", "number", "updated_at") VALUES ($1, $2, $3, $4, $5, $6) RETURNING "id"  [["created_at", Thu, 22 May 2014 17:28:59 UTC +00:00], ["email", "mike@mike.com"], ["img", "http://old.mathleague.com/help/integers/numline.GIF"], ["name", "mike"], ["number", 123456], ["updated_at", Thu, 22 May 2014 17:28:59 UTC +00:00]]
  [1m[36m (16.1ms)[0m  [1mCOMMIT[0m


Started GET "/" for 127.0.0.1 at 2014-05-22 10:29:05 -0700
  [1m[36mActiveRecord::SchemaMigration Load (0.6ms)[0m  [1mSELECT "schema_migrations".* FROM "schema_migrations"[0m
Processing by ContactsController#main as HTML
  Rendered contacts/main.html.erb within layouts/application (1.4ms)
Completed 200 OK in 475ms (Views: 464.1ms | ActiveRecord: 0.0ms)


Started GET "/assets/application.css?body=1" for 127.0.0.1 at 2014-05-22 10:29:06 -0700


Started GET "/assets/contacts.css?body=1" for 127.0.0.1 at 2014-05-22 10:29:06 -0700


Started GET "/assets/jquery.js?body=1" for 127.0.0.1 at 2014-05-22 10:29:06 -0700


Started GET "/assets/turbolinks.js?body=1" for 127.0.0.1 at 2014-05-22 10:29:06 -0700


Started GET "/assets/jquery_ujs.js?body=1" for 127.0.0.1 at 2014-05-22 10:29:06 -0700


Started GET "/assets/contacts.js?body=1" for 127.0.0.1 at 2014-05-22 10:29:06 -0700


Started GET "/assets/application.js?body=1" for 127.0.0.1 at 2014-05-22 10:29:06 -0700


Started GET "/contacts.json" for 127.0.0.1 at 2014-05-22 10:29:06 -0700
Processing by ContactsController#main as JSON
  [1m[35mContact Load (0.8ms)[0m  SELECT "contacts".* FROM "contacts"
Completed 200 OK in 14ms (Views: 0.4ms | ActiveRecord: 3.3ms)


Started GET "/" for 127.0.0.1 at 2014-05-22 10:30:14 -0700
Processing by ContactsController#main as HTML
  Rendered contacts/main.html.erb within layouts/application (0.0ms)
Completed 200 OK in 5ms (Views: 4.2ms | ActiveRecord: 0.0ms)


Started GET "/assets/turbolinks.js?body=1" for 127.0.0.1 at 2014-05-22 10:30:14 -0700


Started GET "/assets/contacts.js?body=1" for 127.0.0.1 at 2014-05-22 10:30:14 -0700


Started GET "/assets/jquery_ujs.js?body=1" for 127.0.0.1 at 2014-05-22 10:30:14 -0700


Started GET "/assets/contacts.css?body=1" for 127.0.0.1 at 2014-05-22 10:30:14 -0700


Started GET "/assets/jquery.js?body=1" for 127.0.0.1 at 2014-05-22 10:30:14 -0700


Started GET "/assets/application.js?body=1" for 127.0.0.1 at 2014-05-22 10:30:14 -0700


Started GET "/assets/application.css?body=1" for 127.0.0.1 at 2014-05-22 10:30:14 -0700


Started GET "/contacts.json" for 127.0.0.1 at 2014-05-22 10:30:14 -0700
Processing by ContactsController#main as JSON
  [1m[36mContact Load (1.4ms)[0m  [1mSELECT "contacts".* FROM "contacts"[0m
Completed 200 OK in 4ms (Views: 0.3ms | ActiveRecord: 1.4ms)


Started GET "/" for 127.0.0.1 at 2014-05-22 10:34:20 -0700
Processing by ContactsController#main as HTML
  Rendered contacts/main.html.erb within layouts/application (0.1ms)
Completed 200 OK in 31ms (Views: 29.6ms | ActiveRecord: 0.0ms)


Started GET "/assets/turbolinks.js?body=1" for 127.0.0.1 at 2014-05-22 10:34:20 -0700


Started GET "/assets/application.css?body=1" for 127.0.0.1 at 2014-05-22 10:34:20 -0700


Started GET "/assets/contacts.js?body=1" for 127.0.0.1 at 2014-05-22 10:34:20 -0700


Started GET "/assets/jquery.js?body=1" for 127.0.0.1 at 2014-05-22 10:34:20 -0700


Started GET "/assets/jquery_ujs.js?body=1" for 127.0.0.1 at 2014-05-22 10:34:20 -0700


Started GET "/assets/contacts.css?body=1" for 127.0.0.1 at 2014-05-22 10:34:20 -0700


Started GET "/assets/application.js?body=1" for 127.0.0.1 at 2014-05-22 10:34:20 -0700


Started GET "/contacts.json" for 127.0.0.1 at 2014-05-22 10:34:21 -0700
Processing by ContactsController#main as JSON
  [1m[35mContact Load (1.3ms)[0m  SELECT "contacts".* FROM "contacts"
Completed 200 OK in 4ms (Views: 0.5ms | ActiveRecord: 1.3ms)


Started GET "/" for 127.0.0.1 at 2014-05-22 10:34:22 -0700
Processing by ContactsController#main as HTML
  Rendered contacts/main.html.erb within layouts/application (0.1ms)
Completed 200 OK in 6ms (Views: 4.6ms | ActiveRecord: 0.0ms)


Started GET "/assets/application.css?body=1" for 127.0.0.1 at 2014-05-22 10:34:22 -0700


Started GET "/assets/contacts.css?body=1" for 127.0.0.1 at 2014-05-22 10:34:22 -0700


Started GET "/assets/jquery.js?body=1" for 127.0.0.1 at 2014-05-22 10:34:22 -0700


Started GET "/assets/contacts.js?body=1" for 127.0.0.1 at 2014-05-22 10:34:22 -0700


Started GET "/assets/turbolinks.js?body=1" for 127.0.0.1 at 2014-05-22 10:34:22 -0700


Started GET "/assets/application.js?body=1" for 127.0.0.1 at 2014-05-22 10:34:22 -0700


Started GET "/assets/jquery_ujs.js?body=1" for 127.0.0.1 at 2014-05-22 10:34:22 -0700


Started GET "/contacts.json" for 127.0.0.1 at 2014-05-22 10:34:22 -0700
Processing by ContactsController#main as JSON
  [1m[36mContact Load (0.8ms)[0m  [1mSELECT "contacts".* FROM "contacts"[0m
Completed 200 OK in 4ms (Views: 0.5ms | ActiveRecord: 0.8ms)


Started GET "/" for 127.0.0.1 at 2014-05-22 10:34:40 -0700
Processing by ContactsController#main as HTML
  Rendered contacts/main.html.erb within layouts/application (0.0ms)
Completed 200 OK in 4ms (Views: 3.7ms | ActiveRecord: 0.0ms)


Started GET "/assets/application.css?body=1" for 127.0.0.1 at 2014-05-22 10:34:40 -0700


Started GET "/assets/contacts.css?body=1" for 127.0.0.1 at 2014-05-22 10:34:40 -0700


Started GET "/assets/contacts.js?body=1" for 127.0.0.1 at 2014-05-22 10:34:40 -0700


Started GET "/assets/turbolinks.js?body=1" for 127.0.0.1 at 2014-05-22 10:34:40 -0700


Started GET "/assets/jquery_ujs.js?body=1" for 127.0.0.1 at 2014-05-22 10:34:40 -0700


Started GET "/assets/jquery.js?body=1" for 127.0.0.1 at 2014-05-22 10:34:40 -0700


Started GET "/assets/application.js?body=1" for 127.0.0.1 at 2014-05-22 10:34:40 -0700


Started GET "/contacts.json" for 127.0.0.1 at 2014-05-22 10:34:40 -0700
Processing by ContactsController#main as JSON
  [1m[35mContact Load (0.6ms)[0m  SELECT "contacts".* FROM "contacts"
Completed 200 OK in 3ms (Views: 0.4ms | ActiveRecord: 0.6ms)


Started GET "/" for 127.0.0.1 at 2014-05-22 10:34:42 -0700
Processing by ContactsController#main as HTML
  Rendered contacts/main.html.erb within layouts/application (0.0ms)
Completed 200 OK in 4ms (Views: 3.7ms | ActiveRecord: 0.0ms)


Started GET "/assets/contacts.css?body=1" for 127.0.0.1 at 2014-05-22 10:34:42 -0700


Started GET "/assets/jquery.js?body=1" for 127.0.0.1 at 2014-05-22 10:34:42 -0700


Started GET "/assets/contacts.js?body=1" for 127.0.0.1 at 2014-05-22 10:34:42 -0700


Started GET "/assets/turbolinks.js?body=1" for 127.0.0.1 at 2014-05-22 10:34:42 -0700


Started GET "/assets/jquery_ujs.js?body=1" for 127.0.0.1 at 2014-05-22 10:34:42 -0700


Started GET "/assets/application.css?body=1" for 127.0.0.1 at 2014-05-22 10:34:42 -0700


Started GET "/assets/application.js?body=1" for 127.0.0.1 at 2014-05-22 10:34:42 -0700


Started GET "/contacts.json" for 127.0.0.1 at 2014-05-22 10:34:42 -0700
Processing by ContactsController#main as JSON
  [1m[36mContact Load (0.5ms)[0m  [1mSELECT "contacts".* FROM "contacts"[0m
Completed 200 OK in 3ms (Views: 0.4ms | ActiveRecord: 0.5ms)


Started GET "/" for 127.0.0.1 at 2014-05-22 10:44:23 -0700
Processing by ContactsController#main as HTML
  Rendered contacts/main.html.erb within layouts/application (0.0ms)
Completed 200 OK in 28ms (Views: 27.4ms | ActiveRecord: 0.0ms)


Started GET "/assets/contacts.css?body=1" for 127.0.0.1 at 2014-05-22 10:44:23 -0700


Started GET "/assets/jquery.js?body=1" for 127.0.0.1 at 2014-05-22 10:44:23 -0700


Started GET "/assets/jquery_ujs.js?body=1" for 127.0.0.1 at 2014-05-22 10:44:23 -0700


Started GET "/assets/turbolinks.js?body=1" for 127.0.0.1 at 2014-05-22 10:44:23 -0700


Started GET "/assets/contacts.js?body=1" for 127.0.0.1 at 2014-05-22 10:44:23 -0700


Started GET "/assets/application.js?body=1" for 127.0.0.1 at 2014-05-22 10:44:23 -0700


Started GET "/assets/application.css?body=1" for 127.0.0.1 at 2014-05-22 10:44:23 -0700


Started GET "/assets/jquery_ujs.js?body=1" for 127.0.0.1 at 2014-05-22 10:44:23 -0700


Started GET "/contacts.json" for 127.0.0.1 at 2014-05-22 10:44:23 -0700
Processing by ContactsController#main as JSON
  [1m[35mContact Load (0.5ms)[0m  SELECT "contacts".* FROM "contacts"
Completed 200 OK in 2ms (Views: 0.3ms | ActiveRecord: 0.5ms)


Started POST "/contacts.json" for 127.0.0.1 at 2014-05-22 10:44:25 -0700

ActionController::RoutingError (No route matches [POST] "/contacts.json"):
  actionpack (4.0.4) lib/action_dispatch/middleware/debug_exceptions.rb:21:in `call'
  actionpack (4.0.4) lib/action_dispatch/middleware/show_exceptions.rb:30:in `call'
  railties (4.0.4) lib/rails/rack/logger.rb:38:in `call_app'
  railties (4.0.4) lib/rails/rack/logger.rb:20:in `block in call'
  activesupport (4.0.4) lib/active_support/tagged_logging.rb:68:in `block in tagged'
  activesupport (4.0.4) lib/active_support/tagged_logging.rb:26:in `tagged'
  activesupport (4.0.4) lib/active_support/tagged_logging.rb:68:in `tagged'
  railties (4.0.4) lib/rails/rack/logger.rb:20:in `call'
  actionpack (4.0.4) lib/action_dispatch/middleware/request_id.rb:21:in `call'
  rack (1.5.2) lib/rack/methodoverride.rb:21:in `call'
  rack (1.5.2) lib/rack/runtime.rb:17:in `call'
  activesupport (4.0.4) lib/active_support/cache/strategy/local_cache.rb:83:in `call'
  rack (1.5.2) lib/rack/lock.rb:17:in `call'
  actionpack (4.0.4) lib/action_dispatch/middleware/static.rb:64:in `call'
  rack (1.5.2) lib/rack/sendfile.rb:112:in `call'
  railties (4.0.4) lib/rails/engine.rb:511:in `call'
  railties (4.0.4) lib/rails/application.rb:97:in `call'
  rack (1.5.2) lib/rack/lock.rb:17:in `call'
  rack (1.5.2) lib/rack/content_length.rb:14:in `call'
  rack (1.5.2) lib/rack/handler/webrick.rb:60:in `service'
  /Users/Stu/.rbenv/versions/2.1.1/lib/ruby/2.1.0/webrick/httpserver.rb:138:in `service'
  /Users/Stu/.rbenv/versions/2.1.1/lib/ruby/2.1.0/webrick/httpserver.rb:94:in `run'
  /Users/Stu/.rbenv/versions/2.1.1/lib/ruby/2.1.0/webrick/server.rb:295:in `block in start_thread'


  Rendered /Users/Stu/.rbenv/versions/2.1.1/lib/ruby/gems/2.1.0/gems/actionpack-4.0.4/lib/action_dispatch/middleware/templates/rescues/_trace.erb (3.5ms)
  Rendered /Users/Stu/.rbenv/versions/2.1.1/lib/ruby/gems/2.1.0/gems/actionpack-4.0.4/lib/action_dispatch/middleware/templates/routes/_route.html.erb (2.7ms)
  Rendered /Users/Stu/.rbenv/versions/2.1.1/lib/ruby/gems/2.1.0/gems/actionpack-4.0.4/lib/action_dispatch/middleware/templates/routes/_table.html.erb (8.8ms)
  Rendered /Users/Stu/.rbenv/versions/2.1.1/lib/ruby/gems/2.1.0/gems/actionpack-4.0.4/lib/action_dispatch/middleware/templates/rescues/routing_error.erb within rescues/layout (46.9ms)


Started POST "/contacts.json" for 127.0.0.1 at 2014-05-22 10:45:47 -0700

SyntaxError (/Users/Stu/Desktop/ContactsSinglePageApp/config/routes.rb:4: syntax error, unexpected tSTRING_BEG, expecting keyword_do or '{' or '('
  post '/contacts', to 'contacts#main'
                        ^):
  activesupport (4.0.4) lib/active_support/dependencies.rb:223:in `load'
  activesupport (4.0.4) lib/active_support/dependencies.rb:223:in `block in load'
  activesupport (4.0.4) lib/active_support/dependencies.rb:214:in `load_dependency'
  activesupport (4.0.4) lib/active_support/dependencies.rb:223:in `load'
  railties (4.0.4) lib/rails/application/routes_reloader.rb:40:in `block in load_paths'
  railties (4.0.4) lib/rails/application/routes_reloader.rb:40:in `each'
  railties (4.0.4) lib/rails/application/routes_reloader.rb:40:in `load_paths'
  railties (4.0.4) lib/rails/application/routes_reloader.rb:16:in `reload!'
  railties (4.0.4) lib/rails/application/routes_reloader.rb:26:in `block in updater'
  activesupport (4.0.4) lib/active_support/file_update_checker.rb:75:in `call'
  activesupport (4.0.4) lib/active_support/file_update_checker.rb:75:in `execute'
  railties (4.0.4) lib/rails/application/routes_reloader.rb:7:in `execute'
  railties (4.0.4) lib/rails/application/finisher.rb:81:in `block (2 levels) in <module:Finisher>'
  activesupport (4.0.4) lib/active_support/callbacks.rb:397:in `_run__3277877230772056313__prepare__callbacks'
  activesupport (4.0.4) lib/active_support/callbacks.rb:80:in `run_callbacks'
  actionpack (4.0.4) lib/action_dispatch/middleware/reloader.rb:74:in `prepare!'
  actionpack (4.0.4) lib/action_dispatch/middleware/reloader.rb:62:in `call'
  actionpack (4.0.4) lib/action_dispatch/middleware/remote_ip.rb:76:in `call'
  actionpack (4.0.4) lib/action_dispatch/middleware/debug_exceptions.rb:17:in `call'
  actionpack (4.0.4) lib/action_dispatch/middleware/show_exceptions.rb:30:in `call'
  railties (4.0.4) lib/rails/rack/logger.rb:38:in `call_app'
  railties (4.0.4) lib/rails/rack/logger.rb:20:in `block in call'
  activesupport (4.0.4) lib/active_support/tagged_logging.rb:68:in `block in tagged'
  activesupport (4.0.4) lib/active_support/tagged_logging.rb:26:in `tagged'
  activesupport (4.0.4) lib/active_support/tagged_logging.rb:68:in `tagged'
  railties (4.0.4) lib/rails/rack/logger.rb:20:in `call'
  actionpack (4.0.4) lib/action_dispatch/middleware/request_id.rb:21:in `call'
  rack (1.5.2) lib/rack/methodoverride.rb:21:in `call'
  rack (1.5.2) lib/rack/runtime.rb:17:in `call'
  activesupport (4.0.4) lib/active_support/cache/strategy/local_cache.rb:83:in `call'
  rack (1.5.2) lib/rack/lock.rb:17:in `call'
  actionpack (4.0.4) lib/action_dispatch/middleware/static.rb:64:in `call'
  rack (1.5.2) lib/rack/sendfile.rb:112:in `call'
  railties (4.0.4) lib/rails/engine.rb:511:in `call'
  railties (4.0.4) lib/rails/application.rb:97:in `call'
  rack (1.5.2) lib/rack/lock.rb:17:in `call'
  rack (1.5.2) lib/rack/content_length.rb:14:in `call'
  rack (1.5.2) lib/rack/handler/webrick.rb:60:in `service'
  /Users/Stu/.rbenv/versions/2.1.1/lib/ruby/2.1.0/webrick/httpserver.rb:138:in `service'
  /Users/Stu/.rbenv/versions/2.1.1/lib/ruby/2.1.0/webrick/httpserver.rb:94:in `run'
  /Users/Stu/.rbenv/versions/2.1.1/lib/ruby/2.1.0/webrick/server.rb:295:in `block in start_thread'


  Rendered /Users/Stu/.rbenv/versions/2.1.1/lib/ruby/gems/2.1.0/gems/actionpack-4.0.4/lib/action_dispatch/middleware/templates/rescues/_source.erb (0.7ms)
  Rendered /Users/Stu/.rbenv/versions/2.1.1/lib/ruby/gems/2.1.0/gems/actionpack-4.0.4/lib/action_dispatch/middleware/templates/rescues/_trace.erb (2.3ms)
  Rendered /Users/Stu/.rbenv/versions/2.1.1/lib/ruby/gems/2.1.0/gems/actionpack-4.0.4/lib/action_dispatch/middleware/templates/rescues/_request_and_response.erb (2.5ms)
  Rendered /Users/Stu/.rbenv/versions/2.1.1/lib/ruby/gems/2.1.0/gems/actionpack-4.0.4/lib/action_dispatch/middleware/templates/rescues/diagnostics.erb within rescues/layout (21.6ms)


Started GET "/" for 127.0.0.1 at 2014-05-22 10:46:47 -0700
  [1m[36mActiveRecord::SchemaMigration Load (0.6ms)[0m  [1mSELECT "schema_migrations".* FROM "schema_migrations"[0m
Processing by ContactsController#main as HTML
  Rendered contacts/main.html.erb within layouts/application (1.9ms)
Completed 200 OK in 58ms (Views: 47.4ms | ActiveRecord: 0.0ms)


Started GET "/assets/contacts.css?body=1" for 127.0.0.1 at 2014-05-22 10:46:47 -0700


Started GET "/assets/application.css?body=1" for 127.0.0.1 at 2014-05-22 10:46:47 -0700


Started GET "/assets/jquery_ujs.js?body=1" for 127.0.0.1 at 2014-05-22 10:46:47 -0700


Started GET "/assets/turbolinks.js?body=1" for 127.0.0.1 at 2014-05-22 10:46:47 -0700


Started GET "/assets/application.js?body=1" for 127.0.0.1 at 2014-05-22 10:46:47 -0700


Started GET "/assets/contacts.js?body=1" for 127.0.0.1 at 2014-05-22 10:46:47 -0700


Started GET "/assets/jquery.js?body=1" for 127.0.0.1 at 2014-05-22 10:46:47 -0700


Started GET "/assets/jquery_ujs.js?body=1" for 127.0.0.1 at 2014-05-22 10:46:48 -0700


Started GET "/assets/turbolinks.js?body=1" for 127.0.0.1 at 2014-05-22 10:46:48 -0700


Started GET "/assets/contacts.js?body=1" for 127.0.0.1 at 2014-05-22 10:46:48 -0700


Started GET "/assets/application.js?body=1" for 127.0.0.1 at 2014-05-22 10:46:48 -0700


Started GET "/contacts.json" for 127.0.0.1 at 2014-05-22 10:46:48 -0700
Processing by ContactsController#main as JSON
  [1m[35mContact Load (1.9ms)[0m  SELECT "contacts".* FROM "contacts"
Completed 200 OK in 90ms (Views: 0.4ms | ActiveRecord: 64.4ms)


Started POST "/contacts.json" for 127.0.0.1 at 2014-05-22 10:46:58 -0700
Processing by ContactsController#create as JSON
  Parameters: {"contact"=>{"name"=>"Stuart", "email"=>"miaf@gmail.com", "number"=>"1324214124124", "imgUrl"=>""}}
Unpermitted parameters: imgUrl
  [1m[36m (0.3ms)[0m  [1mBEGIN[0m
  [1m[35mSQL (7.2ms)[0m  INSERT INTO "contacts" ("created_at", "email", "name", "number", "updated_at") VALUES ($1, $2, $3, $4, $5) RETURNING "id"  [["created_at", Thu, 22 May 2014 17:46:58 UTC +00:00], ["email", "miaf@gmail.com"], ["name", "Stuart"], ["number", 1324214124124], ["updated_at", Thu, 22 May 2014 17:46:58 UTC +00:00]]
PG::NumericValueOutOfRange: ERROR:  value "1324214124124" is out of range for type integer
: INSERT INTO "contacts" ("created_at", "email", "name", "number", "updated_at") VALUES ($1, $2, $3, $4, $5) RETURNING "id"
  [1m[36m (0.3ms)[0m  [1mROLLBACK[0m
Completed 500 Internal Server Error in 19ms

ActiveRecord::StatementInvalid (PG::NumericValueOutOfRange: ERROR:  value "1324214124124" is out of range for type integer
: INSERT INTO "contacts" ("created_at", "email", "name", "number", "updated_at") VALUES ($1, $2, $3, $4, $5) RETURNING "id"):
  app/controllers/contacts_controller.rb:15:in `create'


  Rendered /Users/Stu/.rbenv/versions/2.1.1/lib/ruby/gems/2.1.0/gems/actionpack-4.0.4/lib/action_dispatch/middleware/templates/rescues/_source.erb (1.4ms)
  Rendered /Users/Stu/.rbenv/versions/2.1.1/lib/ruby/gems/2.1.0/gems/actionpack-4.0.4/lib/action_dispatch/middleware/templates/rescues/_trace.erb (3.0ms)
  Rendered /Users/Stu/.rbenv/versions/2.1.1/lib/ruby/gems/2.1.0/gems/actionpack-4.0.4/lib/action_dispatch/middleware/templates/rescues/_request_and_response.erb (2.5ms)
  Rendered /Users/Stu/.rbenv/versions/2.1.1/lib/ruby/gems/2.1.0/gems/actionpack-4.0.4/lib/action_dispatch/middleware/templates/rescues/diagnostics.erb within rescues/layout (34.2ms)
